<?xml version="1.0" encoding="UTF-8"?>
<!-- Generated by org.testng.reporters.JUnitReportReporter -->
<testsuite skipped="1" hostname="LAPTOP-SMC8HIAI" name="testNGFlags.Flag6" tests="2" failures="0" timestamp="2022-02-19T09:13:17 IST" time="0.006" errors="0">
  <testcase name="g" time="0.006" classname="testNGFlags.Flag6"/>
  <system-out>
    <![CDATA[Test case got executed]]>
  </system-out>
  <testcase name="f" classname="testNGFlags.Flag6">
    <skipped/>
  </testcase> <!-- f -->
  <system-out/>
</testsuite> <!-- testNGFlags.Flag6 -->
