<?xml version="1.0" encoding="UTF-8"?>
<!-- Generated by org.testng.reporters.JUnitReportReporter -->
<testsuite skipped="0" hostname="LAPTOP-SMC8HIAI" name="testNG1.NewTest" tests="5" failures="0" timestamp="2022-02-25T09:01:27 IST" time="80.412" errors="0">
  <testcase name="testOrangeHRM" time="13.519" classname="testNG1.NewTest"/>
  <system-out/>
  <testcase name="testOrangeHRM" time="13.594" classname="testNG1.NewTest"/>
  <system-out/>
  <testcase name="testOrangeHRM" time="13.171" classname="testNG1.NewTest"/>
  <system-out/>
  <testcase name="testOrangeHRM" time="19.628" classname="testNG1.NewTest"/>
  <system-out/>
  <testcase name="testOrangeHRM" time="20.500" classname="testNG1.NewTest"/>
  <system-out/>
</testsuite> <!-- testNG1.NewTest -->
