<?xml version="1.0" encoding="UTF-8"?>
<!-- Generated by org.testng.reporters.JUnitReportReporter -->
<testsuite skipped="0" hostname="LAPTOP-SMC8HIAI" name="testNG1.ReadDataFromXml" tests="2" failures="0" timestamp="2022-02-21T08:46:03 IST" time="49.072" errors="0">
  <testcase name="openBrowser" time="32.897" classname="testNG1.ReadDataFromXml"/>
  <system-out/>
  <testcase name="openBrowser" time="16.175" classname="testNG1.ReadDataFromXml"/>
  <system-out/>
</testsuite> <!-- testNG1.ReadDataFromXml -->
