<?xml version="1.0" encoding="UTF-8"?>
<!-- Generated by org.testng.reporters.JUnitReportReporter -->
<testsuite skipped="0" hostname="LAPTOP-SMC8HIAI" name="testNGFlags.Flag3" tests="100" failures="0" timestamp="2022-02-19T08:36:49 IST" time="0.057" errors="0">
  <testcase name="a" time="0.001" classname="testNGFlags.Flag3"/>
  <system-out>
    <![CDATA[generates the inconsitent bug]]>
  </system-out>
  <testcase name="a" time="0.000" classname="testNGFlags.Flag3"/>
  <system-out>
    <![CDATA[generates the inconsitent bug]]>
  </system-out>
  <testcase name="a" time="0.000" classname="testNGFlags.Flag3"/>
  <system-out>
    <![CDATA[generates the inconsitent bug]]>
  </system-out>
  <testcase name="a" time="0.000" classname="testNGFlags.Flag3"/>
  <system-out>
    <![CDATA[generates the inconsitent bug]]>
  </system-out>
  <testcase name="a" time="0.001" classname="testNGFlags.Flag3"/>
  <system-out>
    <![CDATA[generates the inconsitent bug]]>
  </system-out>
  <testcase name="a" time="0.001" classname="testNGFlags.Flag3"/>
  <system-out>
    <![CDATA[generates the inconsitent bug]]>
  </system-out>
  <testcase name="a" time="0.000" classname="testNGFlags.Flag3"/>
  <system-out>
    <![CDATA[generates the inconsitent bug]]>
  </system-out>
  <testcase name="a" time="0.001" classname="testNGFlags.Flag3"/>
  <system-out>
    <![CDATA[generates the inconsitent bug]]>
  </system-out>
  <testcase name="a" time="0.000" classname="testNGFlags.Flag3"/>
  <system-out>
    <![CDATA[generates the inconsitent bug]]>
  </system-out>
  <testcase name="a" time="0.000" classname="testNGFlags.Flag3"/>
  <system-out>
    <![CDATA[generates the inconsitent bug]]>
  </system-out>
  <testcase name="a" time="0.000" classname="testNGFlags.Flag3"/>
  <system-out>
    <![CDATA[generates the inconsitent bug]]>
  </system-out>
  <testcase name="a" time="0.000" classname="testNGFlags.Flag3"/>
  <system-out>
    <![CDATA[generates the inconsitent bug]]>
  </system-out>
  <testcase name="a" time="0.001" classname="testNGFlags.Flag3"/>
  <system-out>
    <![CDATA[generates the inconsitent bug]]>
  </system-out>
  <testcase name="a" time="0.001" classname="testNGFlags.Flag3"/>
  <system-out>
    <![CDATA[generates the inconsitent bug]]>
  </system-out>
  <testcase name="a" time="0.001" classname="testNGFlags.Flag3"/>
  <system-out>
    <![CDATA[generates the inconsitent bug]]>
  </system-out>
  <testcase name="a" time="0.000" classname="testNGFlags.Flag3"/>
  <system-out>
    <![CDATA[generates the inconsitent bug]]>
  </system-out>
  <testcase name="a" time="0.001" classname="testNGFlags.Flag3"/>
  <system-out>
    <![CDATA[generates the inconsitent bug]]>
  </system-out>
  <testcase name="a" time="0.001" classname="testNGFlags.Flag3"/>
  <system-out>
    <![CDATA[generates the inconsitent bug]]>
  </system-out>
  <testcase name="a" time="0.000" classname="testNGFlags.Flag3"/>
  <system-out>
    <![CDATA[generates the inconsitent bug]]>
  </system-out>
  <testcase name="a" time="0.001" classname="testNGFlags.Flag3"/>
  <system-out>
    <![CDATA[generates the inconsitent bug]]>
  </system-out>
  <testcase name="a" time="0.000" classname="testNGFlags.Flag3"/>
  <system-out>
    <![CDATA[generates the inconsitent bug]]>
  </system-out>
  <testcase name="a" time="0.001" classname="testNGFlags.Flag3"/>
  <system-out>
    <![CDATA[generates the inconsitent bug]]>
  </system-out>
  <testcase name="a" time="0.001" classname="testNGFlags.Flag3"/>
  <system-out>
    <![CDATA[generates the inconsitent bug]]>
  </system-out>
  <testcase name="a" time="0.001" classname="testNGFlags.Flag3"/>
  <system-out>
    <![CDATA[generates the inconsitent bug]]>
  </system-out>
  <testcase name="a" time="0.000" classname="testNGFlags.Flag3"/>
  <system-out>
    <![CDATA[generates the inconsitent bug]]>
  </system-out>
  <testcase name="a" time="0.001" classname="testNGFlags.Flag3"/>
  <system-out>
    <![CDATA[generates the inconsitent bug]]>
  </system-out>
  <testcase name="a" time="0.001" classname="testNGFlags.Flag3"/>
  <system-out>
    <![CDATA[generates the inconsitent bug]]>
  </system-out>
  <testcase name="a" time="0.001" classname="testNGFlags.Flag3"/>
  <system-out>
    <![CDATA[generates the inconsitent bug]]>
  </system-out>
  <testcase name="a" time="0.000" classname="testNGFlags.Flag3"/>
  <system-out>
    <![CDATA[generates the inconsitent bug]]>
  </system-out>
  <testcase name="a" time="0.002" classname="testNGFlags.Flag3"/>
  <system-out>
    <![CDATA[generates the inconsitent bug]]>
  </system-out>
  <testcase name="a" time="0.000" classname="testNGFlags.Flag3"/>
  <system-out>
    <![CDATA[generates the inconsitent bug]]>
  </system-out>
  <testcase name="a" time="0.001" classname="testNGFlags.Flag3"/>
  <system-out>
    <![CDATA[generates the inconsitent bug]]>
  </system-out>
  <testcase name="a" time="0.001" classname="testNGFlags.Flag3"/>
  <system-out>
    <![CDATA[generates the inconsitent bug]]>
  </system-out>
  <testcase name="a" time="0.000" classname="testNGFlags.Flag3"/>
  <system-out>
    <![CDATA[generates the inconsitent bug]]>
  </system-out>
  <testcase name="a" time="0.000" classname="testNGFlags.Flag3"/>
  <system-out>
    <![CDATA[generates the inconsitent bug]]>
  </system-out>
  <testcase name="a" time="0.000" classname="testNGFlags.Flag3"/>
  <system-out>
    <![CDATA[generates the inconsitent bug]]>
  </system-out>
  <testcase name="a" time="0.000" classname="testNGFlags.Flag3"/>
  <system-out>
    <![CDATA[generates the inconsitent bug]]>
  </system-out>
  <testcase name="a" time="0.001" classname="testNGFlags.Flag3"/>
  <system-out>
    <![CDATA[generates the inconsitent bug]]>
  </system-out>
  <testcase name="a" time="0.000" classname="testNGFlags.Flag3"/>
  <system-out>
    <![CDATA[generates the inconsitent bug]]>
  </system-out>
  <testcase name="a" time="0.001" classname="testNGFlags.Flag3"/>
  <system-out>
    <![CDATA[generates the inconsitent bug]]>
  </system-out>
  <testcase name="a" time="0.000" classname="testNGFlags.Flag3"/>
  <system-out>
    <![CDATA[generates the inconsitent bug]]>
  </system-out>
  <testcase name="a" time="0.001" classname="testNGFlags.Flag3"/>
  <system-out>
    <![CDATA[generates the inconsitent bug]]>
  </system-out>
  <testcase name="a" time="0.000" classname="testNGFlags.Flag3"/>
  <system-out>
    <![CDATA[generates the inconsitent bug]]>
  </system-out>
  <testcase name="a" time="0.001" classname="testNGFlags.Flag3"/>
  <system-out>
    <![CDATA[generates the inconsitent bug]]>
  </system-out>
  <testcase name="a" time="0.000" classname="testNGFlags.Flag3"/>
  <system-out>
    <![CDATA[generates the inconsitent bug]]>
  </system-out>
  <testcase name="a" time="0.001" classname="testNGFlags.Flag3"/>
  <system-out>
    <![CDATA[generates the inconsitent bug]]>
  </system-out>
  <testcase name="a" time="0.001" classname="testNGFlags.Flag3"/>
  <system-out>
    <![CDATA[generates the inconsitent bug]]>
  </system-out>
  <testcase name="a" time="0.001" classname="testNGFlags.Flag3"/>
  <system-out>
    <![CDATA[generates the inconsitent bug]]>
  </system-out>
  <testcase name="a" time="0.000" classname="testNGFlags.Flag3"/>
  <system-out>
    <![CDATA[generates the inconsitent bug]]>
  </system-out>
  <testcase name="a" time="0.000" classname="testNGFlags.Flag3"/>
  <system-out>
    <![CDATA[generates the inconsitent bug]]>
  </system-out>
  <testcase name="a" time="0.001" classname="testNGFlags.Flag3"/>
  <system-out>
    <![CDATA[generates the inconsitent bug]]>
  </system-out>
  <testcase name="a" time="0.000" classname="testNGFlags.Flag3"/>
  <system-out>
    <![CDATA[generates the inconsitent bug]]>
  </system-out>
  <testcase name="a" time="0.000" classname="testNGFlags.Flag3"/>
  <system-out>
    <![CDATA[generates the inconsitent bug]]>
  </system-out>
  <testcase name="a" time="0.001" classname="testNGFlags.Flag3"/>
  <system-out>
    <![CDATA[generates the inconsitent bug]]>
  </system-out>
  <testcase name="a" time="0.000" classname="testNGFlags.Flag3"/>
  <system-out>
    <![CDATA[generates the inconsitent bug]]>
  </system-out>
  <testcase name="a" time="0.000" classname="testNGFlags.Flag3"/>
  <system-out>
    <![CDATA[generates the inconsitent bug]]>
  </system-out>
  <testcase name="a" time="0.000" classname="testNGFlags.Flag3"/>
  <system-out>
    <![CDATA[generates the inconsitent bug]]>
  </system-out>
  <testcase name="a" time="0.001" classname="testNGFlags.Flag3"/>
  <system-out>
    <![CDATA[generates the inconsitent bug]]>
  </system-out>
  <testcase name="a" time="0.001" classname="testNGFlags.Flag3"/>
  <system-out>
    <![CDATA[generates the inconsitent bug]]>
  </system-out>
  <testcase name="a" time="0.001" classname="testNGFlags.Flag3"/>
  <system-out>
    <![CDATA[generates the inconsitent bug]]>
  </system-out>
  <testcase name="a" time="0.001" classname="testNGFlags.Flag3"/>
  <system-out>
    <![CDATA[generates the inconsitent bug]]>
  </system-out>
  <testcase name="a" time="0.000" classname="testNGFlags.Flag3"/>
  <system-out>
    <![CDATA[generates the inconsitent bug]]>
  </system-out>
  <testcase name="a" time="0.000" classname="testNGFlags.Flag3"/>
  <system-out>
    <![CDATA[generates the inconsitent bug]]>
  </system-out>
  <testcase name="a" time="0.000" classname="testNGFlags.Flag3"/>
  <system-out>
    <![CDATA[generates the inconsitent bug]]>
  </system-out>
  <testcase name="a" time="0.000" classname="testNGFlags.Flag3"/>
  <system-out>
    <![CDATA[generates the inconsitent bug]]>
  </system-out>
  <testcase name="a" time="0.001" classname="testNGFlags.Flag3"/>
  <system-out>
    <![CDATA[generates the inconsitent bug]]>
  </system-out>
  <testcase name="a" time="0.001" classname="testNGFlags.Flag3"/>
  <system-out>
    <![CDATA[generates the inconsitent bug]]>
  </system-out>
  <testcase name="a" time="0.000" classname="testNGFlags.Flag3"/>
  <system-out>
    <![CDATA[generates the inconsitent bug]]>
  </system-out>
  <testcase name="a" time="0.001" classname="testNGFlags.Flag3"/>
  <system-out>
    <![CDATA[generates the inconsitent bug]]>
  </system-out>
  <testcase name="a" time="0.000" classname="testNGFlags.Flag3"/>
  <system-out>
    <![CDATA[generates the inconsitent bug]]>
  </system-out>
  <testcase name="a" time="0.000" classname="testNGFlags.Flag3"/>
  <system-out>
    <![CDATA[generates the inconsitent bug]]>
  </system-out>
  <testcase name="a" time="0.000" classname="testNGFlags.Flag3"/>
  <system-out>
    <![CDATA[generates the inconsitent bug]]>
  </system-out>
  <testcase name="a" time="0.001" classname="testNGFlags.Flag3"/>
  <system-out>
    <![CDATA[generates the inconsitent bug]]>
  </system-out>
  <testcase name="a" time="0.001" classname="testNGFlags.Flag3"/>
  <system-out>
    <![CDATA[generates the inconsitent bug]]>
  </system-out>
  <testcase name="a" time="0.001" classname="testNGFlags.Flag3"/>
  <system-out>
    <![CDATA[generates the inconsitent bug]]>
  </system-out>
  <testcase name="a" time="0.000" classname="testNGFlags.Flag3"/>
  <system-out>
    <![CDATA[generates the inconsitent bug]]>
  </system-out>
  <testcase name="a" time="0.001" classname="testNGFlags.Flag3"/>
  <system-out>
    <![CDATA[generates the inconsitent bug]]>
  </system-out>
  <testcase name="a" time="0.000" classname="testNGFlags.Flag3"/>
  <system-out>
    <![CDATA[generates the inconsitent bug]]>
  </system-out>
  <testcase name="a" time="0.001" classname="testNGFlags.Flag3"/>
  <system-out>
    <![CDATA[generates the inconsitent bug]]>
  </system-out>
  <testcase name="a" time="0.000" classname="testNGFlags.Flag3"/>
  <system-out>
    <![CDATA[generates the inconsitent bug]]>
  </system-out>
  <testcase name="a" time="0.001" classname="testNGFlags.Flag3"/>
  <system-out>
    <![CDATA[generates the inconsitent bug]]>
  </system-out>
  <testcase name="a" time="0.001" classname="testNGFlags.Flag3"/>
  <system-out>
    <![CDATA[generates the inconsitent bug]]>
  </system-out>
  <testcase name="a" time="0.000" classname="testNGFlags.Flag3"/>
  <system-out>
    <![CDATA[generates the inconsitent bug]]>
  </system-out>
  <testcase name="a" time="0.001" classname="testNGFlags.Flag3"/>
  <system-out>
    <![CDATA[generates the inconsitent bug]]>
  </system-out>
  <testcase name="a" time="0.000" classname="testNGFlags.Flag3"/>
  <system-out>
    <![CDATA[generates the inconsitent bug]]>
  </system-out>
  <testcase name="a" time="0.000" classname="testNGFlags.Flag3"/>
  <system-out>
    <![CDATA[generates the inconsitent bug]]>
  </system-out>
  <testcase name="a" time="0.001" classname="testNGFlags.Flag3"/>
  <system-out>
    <![CDATA[generates the inconsitent bug]]>
  </system-out>
  <testcase name="a" time="0.000" classname="testNGFlags.Flag3"/>
  <system-out>
    <![CDATA[generates the inconsitent bug]]>
  </system-out>
  <testcase name="a" time="0.000" classname="testNGFlags.Flag3"/>
  <system-out>
    <![CDATA[generates the inconsitent bug]]>
  </system-out>
  <testcase name="a" time="0.001" classname="testNGFlags.Flag3"/>
  <system-out>
    <![CDATA[generates the inconsitent bug]]>
  </system-out>
  <testcase name="a" time="0.001" classname="testNGFlags.Flag3"/>
  <system-out>
    <![CDATA[generates the inconsitent bug]]>
  </system-out>
  <testcase name="a" time="0.000" classname="testNGFlags.Flag3"/>
  <system-out>
    <![CDATA[generates the inconsitent bug]]>
  </system-out>
  <testcase name="a" time="0.007" classname="testNGFlags.Flag3"/>
  <system-out>
    <![CDATA[generates the inconsitent bug]]>
  </system-out>
  <testcase name="a" time="0.001" classname="testNGFlags.Flag3"/>
  <system-out>
    <![CDATA[generates the inconsitent bug]]>
  </system-out>
  <testcase name="a" time="0.001" classname="testNGFlags.Flag3"/>
  <system-out>
    <![CDATA[generates the inconsitent bug]]>
  </system-out>
  <testcase name="a" time="0.001" classname="testNGFlags.Flag3"/>
  <system-out>
    <![CDATA[generates the inconsitent bug]]>
  </system-out>
  <testcase name="a" time="0.000" classname="testNGFlags.Flag3"/>
  <system-out>
    <![CDATA[generates the inconsitent bug]]>
  </system-out>
  <testcase name="a" time="0.000" classname="testNGFlags.Flag3"/>
  <system-out>
    <![CDATA[generates the inconsitent bug]]>
  </system-out>
  <testcase name="a" time="0.000" classname="testNGFlags.Flag3"/>
  <system-out>
    <![CDATA[generates the inconsitent bug]]>
  </system-out>
  <testcase name="a" time="0.000" classname="testNGFlags.Flag3"/>
  <system-out>
    <![CDATA[generates the inconsitent bug]]>
  </system-out>
</testsuite> <!-- testNGFlags.Flag3 -->
