<?xml version="1.0" encoding="UTF-8"?>
<!-- Generated by org.testng.reporters.JUnitReportReporter -->
<testsuite skipped="0" hostname="LAPTOP-SMC8HIAI" name="testNGFlags.Flag2" tests="1" failures="0" timestamp="2022-02-19T08:26:59 IST" time="0.006" errors="0">
  <testcase name="login" time="0.006" classname="testNGFlags.Flag2"/>
  <system-out>
    <![CDATA[Happy Shivjayanti]]>
  </system-out>
</testsuite> <!-- testNGFlags.Flag2 -->
