<?xml version="1.0" encoding="UTF-8"?>
<!-- Generated by org.testng.reporters.JUnitReportReporter -->
<testsuite skipped="0" hostname="LAPTOP-SMC8HIAI" name="testNG1.NewId" tests="9" failures="0" timestamp="2022-02-18T09:54:56 IST" time="0.029" errors="0">
  <testcase name="h" time="0.015" classname="testNG1.NewId"/>
  <system-out>
    <![CDATA[h method]]>
  </system-out>
  <testcase name="c" time="0.000" classname="testNG1.NewId"/>
  <system-out>
    <![CDATA[c method]]>
  </system-out>
  <testcase name="b" time="0.000" classname="testNG1.NewId"/>
  <system-out>
    <![CDATA[b method]]>
  </system-out>
  <testcase name="x" time="0.014" classname="testNG1.NewId"/>
  <system-out>
    <![CDATA[x method]]>
  </system-out>
  <testcase name="j" time="0.000" classname="testNG1.NewId"/>
  <system-out>
    <![CDATA[j method]]>
  </system-out>
  <testcase name="q" time="0.000" classname="testNG1.NewId"/>
  <system-out>
    <![CDATA[q method]]>
  </system-out>
  <testcase name="w" time="0.000" classname="testNG1.NewId"/>
  <system-out>
    <![CDATA[w method]]>
  </system-out>
  <testcase name="g" time="0.000" classname="testNG1.NewId"/>
  <system-out>
    <![CDATA[g method]]>
  </system-out>
  <testcase name="p" time="0.000" classname="testNG1.NewId"/>
  <system-out>
    <![CDATA[p method]]>
  </system-out>
</testsuite> <!-- testNG1.NewId -->
