<?xml version="1.0" encoding="UTF-8"?>
<!-- Generated by org.testng.reporters.JUnitReportReporter -->
<testsuite skipped="0" hostname="LAPTOP-SMC8HIAI" name="testNG1.ParallelMethodExecution" tests="2" failures="0" timestamp="2022-02-24T08:47:40 IST" time="0.000" errors="0">
  <testcase name="method2" time="0.000" classname="testNG1.ParallelMethodExecution"/>
  <system-out>
    <![CDATA[method2
15]]>
  </system-out>
  <testcase name="method1" time="0.000" classname="testNG1.ParallelMethodExecution"/>
  <system-out>
    <![CDATA[method1
14]]>
  </system-out>
</testsuite> <!-- testNG1.ParallelMethodExecution -->
