<?xml version="1.0" encoding="UTF-8"?>
<!-- Generated by org.testng.reporters.JUnitReportReporter -->
<testsuite skipped="0" hostname="LAPTOP-SMC8HIAI" name="testNGFlags.Flag7" tests="12" failures="0" timestamp="2022-02-21T08:27:29 IST" time="0.025" errors="0">
  <testcase name="it3" time="0.001" classname="testNGFlags.Flag7"/>
  <system-out>
    <![CDATA[integration test case 3]]>
  </system-out>
  <testcase name="ft4" time="0.002" classname="testNGFlags.Flag7"/>
  <system-out>
    <![CDATA[functional test case 4]]>
  </system-out>
  <testcase name="it2" time="0.002" classname="testNGFlags.Flag7"/>
  <system-out>
    <![CDATA[integration test case 2]]>
  </system-out>
  <testcase name="it1" time="0.001" classname="testNGFlags.Flag7"/>
  <system-out>
    <![CDATA[integration test case 1]]>
  </system-out>
  <testcase name="it4" time="0.001" classname="testNGFlags.Flag7"/>
  <system-out>
    <![CDATA[integration test case 4]]>
  </system-out>
  <testcase name="ft1" time="0.012" classname="testNGFlags.Flag7"/>
  <system-out>
    <![CDATA[functional test case 1]]>
  </system-out>
  <testcase name="it5" time="0.001" classname="testNGFlags.Flag7"/>
  <system-out>
    <![CDATA[integration test case 5]]>
  </system-out>
  <testcase name="ft6" time="0.001" classname="testNGFlags.Flag7"/>
  <system-out>
    <![CDATA[functional test case 6]]>
  </system-out>
  <testcase name="ft2" time="0.001" classname="testNGFlags.Flag7"/>
  <system-out>
    <![CDATA[functional test case 2]]>
  </system-out>
  <testcase name="ft5" time="0.002" classname="testNGFlags.Flag7"/>
  <system-out>
    <![CDATA[functional test case 5]]>
  </system-out>
  <testcase name="it6" time="0.000" classname="testNGFlags.Flag7"/>
  <system-out>
    <![CDATA[integration test case 6]]>
  </system-out>
  <testcase name="ft3" time="0.001" classname="testNGFlags.Flag7"/>
  <system-out>
    <![CDATA[functional test case 3]]>
  </system-out>
</testsuite> <!-- testNGFlags.Flag7 -->
