<?xml version="1.0" encoding="UTF-8"?>
<!-- Generated by org.testng.reporters.JUnitReportReporter -->
<testsuite skipped="0" hostname="LAPTOP-SMC8HIAI" name="testNG1.LoginLogoutWithMin" tests="3" failures="0" timestamp="2022-02-18T09:49:52 IST" time="0.007" errors="0">
  <testcase name="login" time="0.007" classname="testNG1.LoginLogoutWithMin"/>
  <system-out>
    <![CDATA[login]]>
  </system-out>
  <testcase name="createUser" time="0.000" classname="testNG1.LoginLogoutWithMin"/>
  <system-out>
    <![CDATA[Create users]]>
  </system-out>
  <testcase name="logout" time="0.000" classname="testNG1.LoginLogoutWithMin"/>
  <system-out>
    <![CDATA[logout]]>
  </system-out>
</testsuite> <!-- testNG1.LoginLogoutWithMin -->
