<?xml version="1.0" encoding="UTF-8"?>
<!-- Generated by org.testng.reporters.JUnitReportReporter -->
<testsuite skipped="0" hostname="LAPTOP-SMC8HIAI" name="testNGFlags.Flag1" tests="6" failures="0" timestamp="2022-02-18T09:47:58 IST" time="0.000" errors="0">
  <testcase name="c" time="0.000" classname="testNGFlags.Flag1"/>
  <system-out>
    <![CDATA[c method]]>
  </system-out>
  <testcase name="b" time="0.000" classname="testNGFlags.Flag1"/>
  <system-out>
    <![CDATA[b method]]>
  </system-out>
  <testcase name="h" time="0.000" classname="testNGFlags.Flag1"/>
  <system-out>
    <![CDATA[h method]]>
  </system-out>
  <testcase name="x" time="0.000" classname="testNGFlags.Flag1"/>
  <system-out>
    <![CDATA[x method]]>
  </system-out>
  <testcase name="w" time="0.000" classname="testNGFlags.Flag1"/>
  <system-out>
    <![CDATA[w method]]>
  </system-out>
  <testcase name="g" time="0.000" classname="testNGFlags.Flag1"/>
  <system-out>
    <![CDATA[g method]]>
  </system-out>
</testsuite> <!-- testNGFlags.Flag1 -->
