<?xml version="1.0" encoding="UTF-8"?>
<!-- Generated by org.testng.reporters.JUnitReportReporter -->
<testsuite skipped="0" hostname="LAPTOP-SMC8HIAI" name="testNG1.Remo" tests="1" failures="0" timestamp="2022-02-18T09:28:03 IST" time="0.000" errors="0">
  <testcase name="b" time="0.000" classname="testNG1.Remo"/>
  <system-out>
    <![CDATA[Remo Class]]>
  </system-out>
</testsuite> <!-- testNG1.Remo -->
