<?xml version="1.0" encoding="UTF-8"?>
<!-- Generated by org.testng.reporters.JUnitReportReporter -->
<testsuite skipped="0" hostname="LAPTOP-SMC8HIAI" name="testNG1.Sumo" tests="1" failures="0" timestamp="2022-02-18T09:01:46 IST" time="0.007" errors="0">
  <testcase name="c" time="0.007" classname="testNG1.Sumo"/>
  <system-out>
    <![CDATA[Sumo Class]]>
  </system-out>
</testsuite> <!-- testNG1.Sumo -->
