<?xml version="1.0" encoding="UTF-8"?>
<!-- Generated by org.testng.reporters.JUnitReportReporter -->
<testsuite skipped="0" hostname="LAPTOP-SMC8HIAI" name="testNG1.Demo" tests="1" failures="0" timestamp="2022-02-18T09:05:46 IST" time="0.000" errors="0">
  <testcase name="a" time="0.000" classname="testNG1.Demo"/>
  <system-out>
    <![CDATA[suraj]]>
  </system-out>
</testsuite> <!-- testNG1.Demo -->
